<?xml version="1.0" encoding="UTF-8"?>
<robot generator="Robot 4.1.3 (Python 3.10.1 on win32)" generated="20220116 22:42:42.229" rpa="false" schemaversion="2">
<suite id="s1" name="CarsCsv" source="C:\development\robot-scripts\amazon\tests\CarsCsv.robot">
<test id="s1-t1" name="Should see correct error messages with invalid logins">
<kw name="Begin Web Test" library="Common" type="SETUP">
<kw name="Set Selenium Timeout" library="SeleniumLibrary">
<arg>30 seconds</arg>
<doc>Sets the timeout that is used by various keywords.</doc>
<status status="PASS" starttime="20220116 22:42:42.663" endtime="20220116 22:42:42.663"/>
</kw>
<kw name="Open Browser" library="SeleniumLibrary">
<arg>about:blank</arg>
<arg>${BROWSER}</arg>
<doc>Opens a new browser instance to the optional ``url``.</doc>
<msg timestamp="20220116 22:42:42.664" level="INFO">Opening browser 'chrome' to base url 'about:blank'.</msg>
<status status="PASS" starttime="20220116 22:42:42.664" endtime="20220116 22:42:44.393"/>
</kw>
<status status="PASS" starttime="20220116 22:42:42.663" endtime="20220116 22:42:44.393"/>
</kw>
<kw name="Get CSV Data" library="DataManagerCsv">
<var>${InvalidLoginScenarios}</var>
<arg>${INVALID_CREDENTIALS_PATH_CSV}</arg>
<kw name="Read Csv File" library="Csv">
<var>${Data}</var>
<arg>${FilePath}</arg>
<msg timestamp="20220116 22:42:44.398" level="FAIL">iterator should return strings, not bytes (the file should be opened in text mode)</msg>
<status status="FAIL" starttime="20220116 22:42:44.394" endtime="20220116 22:42:44.398"/>
</kw>
<status status="FAIL" starttime="20220116 22:42:44.393" endtime="20220116 22:42:44.399"/>
</kw>
<kw name="Login with Many Invalid Credentials" library="CarsAppCSV">
<arg>${InvalidLoginScenarios}</arg>
<status status="NOT RUN" starttime="20220116 22:42:44.400" endtime="20220116 22:42:44.400"/>
</kw>
<kw name="End Web Test" library="Common" type="TEARDOWN">
<kw name="Close Browser" library="SeleniumLibrary">
<doc>Closes the current browser.</doc>
<status status="PASS" starttime="20220116 22:42:44.403" endtime="20220116 22:42:46.952"/>
</kw>
<status status="PASS" starttime="20220116 22:42:44.402" endtime="20220116 22:42:46.952"/>
</kw>
<status status="FAIL" starttime="20220116 22:42:42.662" endtime="20220116 22:42:46.953">iterator should return strings, not bytes (the file should be opened in text mode)</status>
</test>
<doc>Demonstrate a need for data-driven testing</doc>
<status status="FAIL" starttime="20220116 22:42:42.233" endtime="20220116 22:42:46.956"/>
</suite>
<statistics>
<total>
<stat pass="0" fail="1" skip="0">All Tests</stat>
</total>
<tag>
</tag>
<suite>
<stat pass="0" fail="1" skip="0" id="s1" name="CarsCsv">CarsCsv</stat>
</suite>
</statistics>
<errors>
</errors>
</robot>
